<?xml version="1.0" encoding="UTF-8"?>
<!-- Generated by org.testng.reporters.JUnitXMLReporter -->
<testsuite hostname="Jaggus-PC" ignored="0" name="Test" tests="4" failures="0" timestamp="2021-10-25T09:15:24 PDT" time="0.101" errors="0">
  <testcase name="test" time="0.033" classname="com.Testcases.Example"/>
  <testcase name="test2" time="0.002" classname="com.Testcases.Example"/>
  <testcase name="testExample1" time="0.002" classname="com.Testcases.ExampleTest"/>
  <testcase name="testExample2" time="0.001" classname="com.Testcases.ExampleTest"/>
</testsuite> <!-- Test -->
